\BOOKMARK [1][-]{section.1}{\376\377\000I\000n\000t\000r\000o\000d\000u\000c\000t\000i\000o\000n}{}% 1
\BOOKMARK [2][-]{subsection.1.1}{\376\377\000L\000a\000\040\000p\000r\000o\000g\000r\000a\000m\000m\000a\000t\000i\000o\000n\000\040\000s\000c\000i\000e\000n\000t\000i\000f\000i\000q\000u\000e}{section.1}% 2
\BOOKMARK [2][-]{subsection.1.2}{\376\377\000C\000o\000n\000t\000e\000x\000t\000e\000\040\000e\000t\000\040\000q\000u\000e\000s\000t\000i\000o\000n\000\040\000d\000e\000\040\000r\000e\000c\000h\000e\000r\000c\000h\000e}{section.1}% 3
\BOOKMARK [2][-]{subsection.1.3}{\376\377\000D\000\351\000f\000i\000n\000i\000t\000i\000o\000n\000\040\000o\000p\000\351\000r\000a\000t\000i\000o\000n\000n\000e\000l\000l\000e\000\040\000d\000u\000\040\000s\000u\000c\000c\000\350\000s}{section.1}% 4
\BOOKMARK [2][-]{subsection.1.4}{\376\377\000S\000t\000r\000u\000c\000t\000u\000r\000e\000\040\000d\000u\000\040\000r\000a\000p\000p\000o\000r\000t}{section.1}% 5
\BOOKMARK [1][-]{section.2}{\376\377\000E\000x\000p\000l\000o\000r\000a\000t\000i\000o\000n\000\040\000d\000e\000s\000\040\000d\000o\000n\000n\000\351\000e\000s\000\040\000e\000t\000\040\000r\000e\000p\000r\000o\000d\000u\000c\000t\000i\000b\000i\000l\000i\000t\000\351\000\040\000\050\000C\000h\000.\0002\000\040\000e\000t\000\040\0003\000\051}{}% 6
\BOOKMARK [2][-]{subsection.2.1}{\376\377\000E\000n\000v\000i\000r\000o\000n\000n\000e\000m\000e\000n\000t\000\040\000J\000u\000l\000i\000a\000\040\000r\000e\000p\000r\000o\000d\000u\000c\000t\000i\000b\000l\000e\000\040\000\050\000C\000h\000.\000\040\0002\000\051}{section.2}% 7
\BOOKMARK [2][-]{subsection.2.2}{\376\377\000P\000r\000\351\000s\000e\000n\000t\000a\000t\000i\000o\000n\000\040\000d\000u\000\040\000j\000e\000u\000\040\000d\000e\000\040\000d\000o\000n\000n\000\351\000e\000s}{section.2}% 8
\BOOKMARK [2][-]{subsection.2.3}{\376\377\000O\000n\000e\000\040\000P\000i\000e\000c\000e\000\040\000d\000a\000n\000s\000\040\000l\000e\000s\000\040\000d\000o\000n\000n\000\351\000e\000s\000\040\000\050\000C\000h\000.\000\040\0003\000\040\000v\000a\000l\000e\000u\000r\000s\000\040\000m\000a\000n\000q\000u\000a\000n\000t\000e\000s\000\051}{section.2}% 9
\BOOKMARK [1][-]{section.3}{\376\377\000C\000o\000n\000s\000t\000r\000u\000c\000t\000i\000o\000n\000\040\000d\000e\000\040\000l\000a\000\040\000s\000\351\000r\000i\000e\000\040\000t\000e\000m\000p\000o\000r\000e\000l\000l\000e\000\040\000\050\000C\000h\000.\000\040\0003\000\040\000e\000t\000\040\0004\000\051}{}% 10
\BOOKMARK [2][-]{subsection.3.1}{\376\377\000D\000\351\000c\000o\000u\000p\000a\000g\000e\000\040\000e\000n\000\040\000s\000a\000g\000a\000s\000\040\000o\000f\000f\000i\000c\000i\000e\000l\000l\000e\000s}{section.3}% 11
\BOOKMARK [2][-]{subsection.3.2}{\376\377\000I\000n\000t\000\351\000g\000r\000a\000t\000i\000o\000n\000\040\000n\000u\000m\000\351\000r\000i\000q\000u\000e\000\040\000p\000a\000r\000\040\000t\000r\000a\000p\000\350\000z\000e\000s\000\040\000\050\000C\000h\000.\000\040\0004\000\051}{section.3}% 12
\BOOKMARK [1][-]{section.4}{\376\377\000M\000o\000d\000\351\000l\000i\000s\000a\000t\000i\000o\000n\000\040\000O\000D\000E\000\040\000e\000t\000\040\000p\000r\000\351\000d\000i\000c\000t\000i\000o\000n\000\040\000p\000a\000r\000\040\000R\000K\0004\000\040\000\050\000C\000h\000.\000\040\0004\000\051}{}% 13
\BOOKMARK [2][-]{subsection.4.1}{\376\377\000M\000o\000d\000\350\000l\000e\000\040\000d\000e\000\040\000r\000e\000t\000o\000u\000r\000\040\000\340\000\040\000l\000a\000\040\000m\000o\000y\000e\000n\000n\000e}{section.4}% 14
\BOOKMARK [2][-]{subsection.4.2}{\376\377\000I\000m\000p\000l\000\351\000m\000e\000n\000t\000a\000t\000i\000o\000n\000\040\000d\000e\000\040\000R\000u\000n\000g\000e\000-\000K\000u\000t\000t\000a\000\040\0004\000\040\000\050\000C\000h\000.\000\040\0004\000\040\000e\000t\000\040\000C\000h\000.\000\040\0002\000\051}{section.4}% 15
\BOOKMARK [2][-]{subsection.4.3}{\376\377\000A\000j\000u\000s\000t\000e\000m\000e\000n\000t\000\040\000d\000e\000s\000\040\000p\000a\000r\000a\000m\000\350\000t\000r\000e\000s\000\040\000p\000a\000r\000\040\000g\000r\000i\000l\000l\000e\000\040\000d\000e\000\040\000r\000e\000c\000h\000e\000r\000c\000h\000e}{section.4}% 16
\BOOKMARK [2][-]{subsection.4.4}{\376\377\000P\000r\000\351\000d\000i\000c\000t\000i\000o\000n\000\040\000d\000e\000\040\000l\000a\000\040\000s\000a\000g\000a\000\040\0001\0000\000\040\000\050\000W\000a\000n\000o\000\040\000C\000o\000u\000n\000t\000r\000y\000\051}{section.4}% 17
\BOOKMARK [1][-]{section.5}{\376\377\000T\000e\000s\000t\000s\000\040\000s\000t\000a\000t\000i\000s\000t\000i\000q\000u\000e\000s\000\040\000\050\000C\000h\000.\000\040\0005\000\051}{}% 18
\BOOKMARK [2][-]{subsection.5.1}{\376\377\000T\000e\000s\000t\000\040\0001\000\040\000:\000\040\000M\000a\000n\000n\000-\000W\000h\000i\000t\000n\000e\000y\000\040\000\050\000d\000e\000u\000x\000\040\000\351\000c\000h\000a\000n\000t\000i\000l\000l\000o\000n\000s\000\051}{section.5}% 19
\BOOKMARK [2][-]{subsection.5.2}{\376\377\000T\000e\000s\000t\000\040\0002\000\040\000:\000\040\000W\000i\000l\000c\000o\000x\000o\000n\000\040\000s\000i\000g\000n\000e\000d\000-\000r\000a\000n\000k\000\040\000\050\000u\000n\000\040\000\351\000c\000h\000a\000n\000t\000i\000l\000l\000o\000n\000\051}{section.5}% 20
\BOOKMARK [2][-]{subsection.5.3}{\376\377\000T\000e\000s\000t\000\040\0003\000\040\000:\000\040\000B\000o\000o\000t\000s\000t\000r\000a\000p\000\040\000\050\000B\000\040\000=\000\040\0001\0000\0000\0000\0000\000\051}{section.5}% 21
\BOOKMARK [2][-]{subsection.5.4}{\376\377\000S\000y\000n\000t\000h\000\350\000s\000e\000\040\000d\000e\000s\000\040\000t\000e\000s\000t\000s}{section.5}% 22
\BOOKMARK [1][-]{section.6}{\376\377\000C\000o\000n\000c\000l\000u\000s\000i\000o\000n}{}% 23
\BOOKMARK [2][-]{subsection.6.1}{\376\377\000R\000\351\000p\000o\000n\000s\000e\000\040\000\340\000\040\000l\000a\000\040\000q\000u\000e\000s\000t\000i\000o\000n\000\040\000d\000e\000\040\000r\000e\000c\000h\000e\000r\000c\000h\000e}{section.6}% 24
\BOOKMARK [2][-]{subsection.6.2}{\376\377\000N\000u\000a\000n\000c\000e\000s\000\040\000e\000t\000\040\000l\000i\000m\000i\000t\000a\000t\000i\000o\000n\000s}{section.6}% 25
